<?xml version="1.0" ?>
<!DOCTYPE coverage SYSTEM "http://cobertura.sourceforge.net/xml/coverage-04.dtd">
<coverage lines-valid="40" lines-covered="40" line-rate="1" branches-valid="16" branches-covered="16" branch-rate="1" timestamp="1550855063746" complexity="0" version="0.1">
  <sources>
    <source>C:\Users\danie\Documents\React\test-react-jest</source>
  </sources>
  <packages>
    <package name="src" line-rate="1" branch-rate="1">
      <classes>
        <class name="index.js" filename="src\index.js" line-rate="1" branch-rate="1">
          <methods>
          </methods>
          <lines>
            <line number="7" hits="1" branch="false"/>
          </lines>
        </class>
        <class name="setupTests.js" filename="src\setupTests.js" line-rate="1" branch-rate="1">
          <methods>
          </methods>
          <lines>
            <line number="4" hits="8" branch="false"/>
          </lines>
        </class>
      </classes>
    </package>
    <package name="src.components" line-rate="1" branch-rate="1">
      <classes>
        <class name="Main.jsx" filename="src\components\Main.jsx" line-rate="1" branch-rate="1">
          <methods>
            <method name="(anonymous_0)" hits="2" signature="()V">
              <lines>
                <line number="6" hits="2"/>
              </lines>
            </method>
          </methods>
          <lines>
            <line number="7" hits="2" branch="false"/>
          </lines>
        </class>
      </classes>
    </package>
    <package name="src.components.Card" line-rate="1" branch-rate="1">
      <classes>
        <class name="Card.jsx" filename="src\components\Card\Card.jsx" line-rate="1" branch-rate="1">
          <methods>
            <method name="(anonymous_0)" hits="1" signature="()V">
              <lines>
                <line number="4" hits="1"/>
              </lines>
            </method>
            <method name="(anonymous_1)" hits="1" signature="()V">
              <lines>
                <line number="12" hits="1"/>
              </lines>
            </method>
          </methods>
          <lines>
            <line number="5" hits="1" branch="false"/>
            <line number="6" hits="1" branch="false"/>
            <line number="12" hits="1" branch="false"/>
          </lines>
        </class>
      </classes>
    </package>
    <package name="src.components.CardContainer" line-rate="1" branch-rate="1">
      <classes>
        <class name="CardContainer.jsx" filename="src\components\CardContainer\CardContainer.jsx" line-rate="1" branch-rate="1">
          <methods>
            <method name="(anonymous_0)" hits="8" signature="()V">
              <lines>
                <line number="8" hits="8"/>
              </lines>
            </method>
            <method name="(anonymous_1)" hits="5" signature="()V">
              <lines>
                <line number="17" hits="5"/>
              </lines>
            </method>
            <method name="(anonymous_2)" hits="3" signature="()V">
              <lines>
                <line number="18" hits="3"/>
              </lines>
            </method>
            <method name="(anonymous_3)" hits="3" signature="()V">
              <lines>
                <line number="19" hits="3"/>
              </lines>
            </method>
            <method name="(anonymous_4)" hits="2" signature="()V">
              <lines>
                <line number="20" hits="2"/>
              </lines>
            </method>
            <method name="(anonymous_5)" hits="9" signature="()V">
              <lines>
                <line number="27" hits="9"/>
              </lines>
            </method>
            <method name="(anonymous_6)" hits="16" signature="()V">
              <lines>
                <line number="28" hits="16"/>
              </lines>
            </method>
            <method name="(anonymous_7)" hits="1" signature="()V">
              <lines>
                <line number="32" hits="1"/>
              </lines>
            </method>
            <method name="(anonymous_8)" hits="2" signature="()V">
              <lines>
                <line number="33" hits="2"/>
              </lines>
            </method>
            <method name="(anonymous_9)" hits="19" signature="()V">
              <lines>
                <line number="37" hits="19"/>
              </lines>
            </method>
            <method name="(anonymous_10)" hits="36" signature="()V">
              <lines>
                <line number="49" hits="36"/>
              </lines>
            </method>
            <method name="(anonymous_11)" hits="2" signature="()V">
              <lines>
                <line number="58" hits="2"/>
              </lines>
            </method>
          </methods>
          <lines>
            <line number="9" hits="8" branch="false"/>
            <line number="10" hits="8" branch="false"/>
            <line number="17" hits="5" branch="false"/>
            <line number="18" hits="3" branch="false"/>
            <line number="19" hits="3" branch="false"/>
            <line number="21" hits="2" branch="false"/>
            <line number="22" hits="2" branch="true" condition-coverage="100% (5/5)"/>
            <line number="23" hits="1" branch="false"/>
            <line number="28" hits="16" branch="false"/>
            <line number="29" hits="9" branch="false"/>
            <line number="33" hits="2" branch="false"/>
            <line number="34" hits="1" branch="false"/>
            <line number="38" hits="19" branch="false"/>
            <line number="39" hits="19" branch="false"/>
            <line number="50" hits="36" branch="false"/>
            <line number="58" hits="3" branch="false"/>
            <line number="63" hits="3" branch="false"/>
          </lines>
        </class>
      </classes>
    </package>
    <package name="src.redux" line-rate="1" branch-rate="1">
      <classes>
        <class name="configureStore.js" filename="src\redux\configureStore.js" line-rate="1" branch-rate="1">
          <methods>
            <method name="(anonymous_0)" hits="3" signature="()V">
              <lines>
                <line number="7" hits="3"/>
              </lines>
            </method>
          </methods>
          <lines>
            <line number="5" hits="3" branch="true" condition-coverage="100% (2/2)"/>
            <line number="7" hits="3" branch="false"/>
            <line number="8" hits="3" branch="false"/>
          </lines>
        </class>
      </classes>
    </package>
    <package name="src.redux.actions" line-rate="1" branch-rate="1">
      <classes>
        <class name="index.js" filename="src\redux\actions\index.js" line-rate="1" branch-rate="1">
          <methods>
            <method name="(anonymous_0)" hits="3" signature="()V">
              <lines>
                <line number="1" hits="3"/>
              </lines>
            </method>
            <method name="(anonymous_1)" hits="2" signature="()V">
              <lines>
                <line number="6" hits="2"/>
              </lines>
            </method>
            <method name="(anonymous_2)" hits="2" signature="()V">
              <lines>
                <line number="12" hits="2"/>
              </lines>
            </method>
          </methods>
          <lines>
            <line number="1" hits="6" branch="false"/>
            <line number="6" hits="6" branch="false"/>
            <line number="12" hits="6" branch="false"/>
          </lines>
        </class>
      </classes>
    </package>
    <package name="src.redux.reducers" line-rate="1" branch-rate="1">
      <classes>
        <class name="balanceReducer.js" filename="src\redux\reducers\balanceReducer.js" line-rate="1" branch-rate="1">
          <methods>
            <method name="(anonymous_0)" hits="12" signature="()V">
              <lines>
                <line number="5" hits="12"/>
              </lines>
            </method>
          </methods>
          <lines>
            <line number="1" hits="4" branch="false"/>
            <line number="5" hits="4" branch="true" condition-coverage="100% (1/1)"/>
            <line number="6" hits="12" branch="true" condition-coverage="100% (2/2)"/>
            <line number="8" hits="2" branch="false"/>
            <line number="13" hits="10" branch="false"/>
          </lines>
        </class>
        <class name="index.js" filename="src\redux\reducers\index.js" line-rate="1" branch-rate="1">
          <methods>
          </methods>
          <lines>
          </lines>
        </class>
        <class name="listReducer.js" filename="src\redux\reducers\listReducer.js" line-rate="1" branch-rate="1">
          <methods>
            <method name="(anonymous_0)" hits="13" signature="()V">
              <lines>
                <line number="5" hits="13"/>
              </lines>
            </method>
          </methods>
          <lines>
            <line number="1" hits="4" branch="false"/>
            <line number="5" hits="4" branch="true" condition-coverage="100% (1/1)"/>
            <line number="6" hits="13" branch="true" condition-coverage="100% (3/3)"/>
            <line number="8" hits="1" branch="false"/>
            <line number="13" hits="1" branch="false"/>
            <line number="18" hits="11" branch="false"/>
          </lines>
        </class>
      </classes>
    </package>
  </packages>
</coverage>
