{"C:\\Users\\danie\\Documents\\React\\test-react-jest\\src\\index.js": {"path":"C:\\Users\\danie\\Documents\\React\\test-react-jest\\src\\index.js","statementMap":{"0":{"start":{"line":7,"column":14},"end":{"line":7,"column":30}}},"fnMap":{},"branchMap":{"0":{"loc":{"start":{"line":9,"column":55},"end":{"line":9,"column":119}},"type":"binary-expr","locations":[{"start":{"line":9,"column":55},"end":{"line":9,"column":86}},{"start":{"line":9,"column":90},"end":{"line":9,"column":119}}],"line":9}},"s":{"0":1},"f":{},"b":{"0":[1,1]},"_coverageSchema":"332fd63041d2c1bcb487cc26dd0d5f7d97098a6c","hash":"9c6bd6ee7203767e5e4ab68db20eb96c52117182"}
,"C:\\Users\\danie\\Documents\\React\\test-react-jest\\src\\setupTests.js": {"path":"C:\\Users\\danie\\Documents\\React\\test-react-jest\\src\\setupTests.js","statementMap":{"0":{"start":{"line":4,"column":0},"end":{"line":4,"column":45}}},"fnMap":{},"branchMap":{},"s":{"0":8},"f":{},"b":{},"_coverageSchema":"332fd63041d2c1bcb487cc26dd0d5f7d97098a6c","hash":"72388ec36bfd354f577be036b0cbe92574fc52a5"}
,"C:\\Users\\danie\\Documents\\React\\test-react-jest\\src\\components\\Main.jsx": {"path":"C:\\Users\\danie\\Documents\\React\\test-react-jest\\src\\components\\Main.jsx","statementMap":{"0":{"start":{"line":7,"column":2},"end":{"line":13,"column":4}}},"fnMap":{"0":{"name":"(anonymous_0)","decl":{"start":{"line":6,"column":1},"end":{"line":6,"column":2}},"loc":{"start":{"line":6,"column":10},"end":{"line":14,"column":2}},"line":6}},"branchMap":{},"s":{"0":2},"f":{"0":2},"b":{},"_coverageSchema":"332fd63041d2c1bcb487cc26dd0d5f7d97098a6c","hash":"99f17124b0498c02a8afae28d6a5cc94abb8f2b4"}
,"C:\\Users\\danie\\Documents\\React\\test-react-jest\\src\\components\\Card\\Card.jsx": {"path":"C:\\Users\\danie\\Documents\\React\\test-react-jest\\src\\components\\Card\\Card.jsx","statementMap":{"0":{"start":{"line":5,"column":36},"end":{"line":5,"column":46}},"1":{"start":{"line":6,"column":2},"end":{"line":15,"column":4}},"2":{"start":{"line":12,"column":48},"end":{"line":12,"column":72}}},"fnMap":{"0":{"name":"(anonymous_0)","decl":{"start":{"line":4,"column":1},"end":{"line":4,"column":2}},"loc":{"start":{"line":4,"column":10},"end":{"line":16,"column":2}},"line":4},"1":{"name":"(anonymous_1)","decl":{"start":{"line":12,"column":42},"end":{"line":12,"column":43}},"loc":{"start":{"line":12,"column":48},"end":{"line":12,"column":72}},"line":12}},"branchMap":{},"s":{"0":1,"1":1,"2":1},"f":{"0":1,"1":1},"b":{},"_coverageSchema":"332fd63041d2c1bcb487cc26dd0d5f7d97098a6c","hash":"de431aa8d4ad55e8c27cca0cf8f78affb1920f11"}
,"C:\\Users\\danie\\Documents\\React\\test-react-jest\\src\\components\\CardContainer\\CardContainer.jsx": {"path":"C:\\Users\\danie\\Documents\\React\\test-react-jest\\src\\components\\CardContainer\\CardContainer.jsx","statementMap":{"0":{"start":{"line":9,"column":2},"end":{"line":9,"column":15}},"1":{"start":{"line":10,"column":2},"end":{"line":14,"column":4}},"2":{"start":{"line":17,"column":23},"end":{"line":17,"column":60}},"3":{"start":{"line":18,"column":25},"end":{"line":18,"column":64}},"4":{"start":{"line":19,"column":25},"end":{"line":19,"column":64}},"5":{"start":{"line":21,"column":29},"end":{"line":21,"column":39}},"6":{"start":{"line":22,"column":2},"end":{"line":24,"column":3}},"7":{"start":{"line":23,"column":3},"end":{"line":23,"column":62}},"8":{"start":{"line":28,"column":14},"end":{"line":28,"column":77}},"9":{"start":{"line":28,"column":55},"end":{"line":28,"column":73}},"10":{"start":{"line":29,"column":2},"end":{"line":29,"column":29}},"11":{"start":{"line":33,"column":14},"end":{"line":33,"column":76}},"12":{"start":{"line":33,"column":54},"end":{"line":33,"column":72}},"13":{"start":{"line":34,"column":2},"end":{"line":34,"column":29}},"14":{"start":{"line":38,"column":28},"end":{"line":38,"column":38}},"15":{"start":{"line":39,"column":2},"end":{"line":54,"column":4}},"16":{"start":{"line":50,"column":6},"end":{"line":50,"column":124}},"17":{"start":{"line":58,"column":24},"end":{"line":61,"column":2}},"18":{"start":{"line":58,"column":34},"end":{"line":61,"column":1}},"19":{"start":{"line":63,"column":27},"end":{"line":67,"column":1}}},"fnMap":{"0":{"name":"(anonymous_0)","decl":{"start":{"line":8,"column":1},"end":{"line":8,"column":2}},"loc":{"start":{"line":8,"column":20},"end":{"line":15,"column":2}},"line":8},"1":{"name":"(anonymous_1)","decl":{"start":{"line":17,"column":18},"end":{"line":17,"column":19}},"loc":{"start":{"line":17,"column":23},"end":{"line":17,"column":60}},"line":17},"2":{"name":"(anonymous_2)","decl":{"start":{"line":18,"column":20},"end":{"line":18,"column":21}},"loc":{"start":{"line":18,"column":25},"end":{"line":18,"column":64}},"line":18},"3":{"name":"(anonymous_3)","decl":{"start":{"line":19,"column":20},"end":{"line":19,"column":21}},"loc":{"start":{"line":19,"column":25},"end":{"line":19,"column":64}},"line":19},"4":{"name":"(anonymous_4)","decl":{"start":{"line":20,"column":17},"end":{"line":20,"column":18}},"loc":{"start":{"line":20,"column":23},"end":{"line":25,"column":2}},"line":20},"5":{"name":"(anonymous_5)","decl":{"start":{"line":27,"column":1},"end":{"line":27,"column":2}},"loc":{"start":{"line":27,"column":22},"end":{"line":30,"column":2}},"line":27},"6":{"name":"(anonymous_6)","decl":{"start":{"line":28,"column":37},"end":{"line":28,"column":38}},"loc":{"start":{"line":28,"column":55},"end":{"line":28,"column":73}},"line":28},"7":{"name":"(anonymous_7)","decl":{"start":{"line":32,"column":1},"end":{"line":32,"column":2}},"loc":{"start":{"line":32,"column":38},"end":{"line":35,"column":2}},"line":32},"8":{"name":"(anonymous_8)","decl":{"start":{"line":33,"column":36},"end":{"line":33,"column":37}},"loc":{"start":{"line":33,"column":54},"end":{"line":33,"column":72}},"line":33},"9":{"name":"(anonymous_9)","decl":{"start":{"line":37,"column":1},"end":{"line":37,"column":2}},"loc":{"start":{"line":37,"column":10},"end":{"line":55,"column":2}},"line":37},"10":{"name":"(anonymous_10)","decl":{"start":{"line":49,"column":15},"end":{"line":49,"column":16}},"loc":{"start":{"line":50,"column":6},"end":{"line":50,"column":124}},"line":50},"11":{"name":"(anonymous_11)","decl":{"start":{"line":58,"column":24},"end":{"line":58,"column":25}},"loc":{"start":{"line":58,"column":34},"end":{"line":61,"column":1}},"line":58}},"branchMap":{"0":{"loc":{"start":{"line":22,"column":2},"end":{"line":24,"column":3}},"type":"if","locations":[{"start":{"line":22,"column":2},"end":{"line":24,"column":3}},{"start":{"line":22,"column":2},"end":{"line":24,"column":3}}],"line":22},"1":{"loc":{"start":{"line":22,"column":6},"end":{"line":22,"column":41}},"type":"binary-expr","locations":[{"start":{"line":22,"column":6},"end":{"line":22,"column":12}},{"start":{"line":22,"column":16},"end":{"line":22,"column":26}},{"start":{"line":22,"column":30},"end":{"line":22,"column":41}}],"line":22}},"s":{"0":8,"1":8,"2":5,"3":3,"4":3,"5":2,"6":2,"7":1,"8":9,"9":16,"10":9,"11":1,"12":2,"13":1,"14":19,"15":19,"16":36,"17":3,"18":2,"19":3},"f":{"0":8,"1":5,"2":3,"3":3,"4":2,"5":9,"6":16,"7":1,"8":2,"9":19,"10":36,"11":2},"b":{"0":[1,1],"1":[2,2,2]},"_coverageSchema":"332fd63041d2c1bcb487cc26dd0d5f7d97098a6c","hash":"46496c13e7812346785a36ea856481b6b78008c9"}
,"C:\\Users\\danie\\Documents\\React\\test-react-jest\\src\\redux\\configureStore.js": {"path":"C:\\Users\\danie\\Documents\\React\\test-react-jest\\src\\redux\\configureStore.js","statementMap":{"0":{"start":{"line":5,"column":25},"end":{"line":5,"column":79}},"1":{"start":{"line":7,"column":23},"end":{"line":9,"column":1}},"2":{"start":{"line":8,"column":1},"end":{"line":8,"column":82}}},"fnMap":{"0":{"name":"(anonymous_0)","decl":{"start":{"line":7,"column":23},"end":{"line":7,"column":24}},"loc":{"start":{"line":7,"column":29},"end":{"line":9,"column":1}},"line":7}},"branchMap":{"0":{"loc":{"start":{"line":5,"column":25},"end":{"line":5,"column":79}},"type":"binary-expr","locations":[{"start":{"line":5,"column":25},"end":{"line":5,"column":68}},{"start":{"line":5,"column":72},"end":{"line":5,"column":79}}],"line":5}},"s":{"0":3,"1":3,"2":3},"f":{"0":3},"b":{"0":[3,3]},"_coverageSchema":"332fd63041d2c1bcb487cc26dd0d5f7d97098a6c","hash":"2ddc110cde165d02ac30b9b829b2275b4fa1a727"}
,"C:\\Users\\danie\\Documents\\React\\test-react-jest\\src\\redux\\actions\\index.js": {"path":"C:\\Users\\danie\\Documents\\React\\test-react-jest\\src\\redux\\actions\\index.js","statementMap":{"0":{"start":{"line":1,"column":26},"end":{"line":4,"column":2}},"1":{"start":{"line":1,"column":38},"end":{"line":4,"column":1}},"2":{"start":{"line":6,"column":25},"end":{"line":10,"column":2}},"3":{"start":{"line":6,"column":34},"end":{"line":10,"column":1}},"4":{"start":{"line":12,"column":30},"end":{"line":16,"column":2}},"5":{"start":{"line":12,"column":39},"end":{"line":16,"column":1}}},"fnMap":{"0":{"name":"(anonymous_0)","decl":{"start":{"line":1,"column":26},"end":{"line":1,"column":27}},"loc":{"start":{"line":1,"column":38},"end":{"line":4,"column":1}},"line":1},"1":{"name":"(anonymous_1)","decl":{"start":{"line":6,"column":25},"end":{"line":6,"column":26}},"loc":{"start":{"line":6,"column":34},"end":{"line":10,"column":1}},"line":6},"2":{"name":"(anonymous_2)","decl":{"start":{"line":12,"column":30},"end":{"line":12,"column":31}},"loc":{"start":{"line":12,"column":39},"end":{"line":16,"column":1}},"line":12}},"branchMap":{},"s":{"0":6,"1":3,"2":6,"3":2,"4":6,"5":2},"f":{"0":3,"1":2,"2":2},"b":{},"_coverageSchema":"332fd63041d2c1bcb487cc26dd0d5f7d97098a6c","hash":"7f789446e7853c75f681ea52327626a200adb79b"}
,"C:\\Users\\danie\\Documents\\React\\test-react-jest\\src\\redux\\reducers\\balanceReducer.js": {"path":"C:\\Users\\danie\\Documents\\React\\test-react-jest\\src\\redux\\reducers\\balanceReducer.js","statementMap":{"0":{"start":{"line":1,"column":28},"end":{"line":3,"column":1}},"1":{"start":{"line":5,"column":21},"end":{"line":15,"column":1}},"2":{"start":{"line":6,"column":1},"end":{"line":14,"column":2}},"3":{"start":{"line":8,"column":3},"end":{"line":11,"column":5}},"4":{"start":{"line":13,"column":3},"end":{"line":13,"column":16}}},"fnMap":{"0":{"name":"(anonymous_0)","decl":{"start":{"line":5,"column":21},"end":{"line":5,"column":22}},"loc":{"start":{"line":5,"column":62},"end":{"line":15,"column":1}},"line":5}},"branchMap":{"0":{"loc":{"start":{"line":5,"column":22},"end":{"line":5,"column":49}},"type":"default-arg","locations":[{"start":{"line":5,"column":30},"end":{"line":5,"column":49}}],"line":5},"1":{"loc":{"start":{"line":6,"column":1},"end":{"line":14,"column":2}},"type":"switch","locations":[{"start":{"line":7,"column":2},"end":{"line":11,"column":5}},{"start":{"line":12,"column":2},"end":{"line":13,"column":16}}],"line":6}},"s":{"0":4,"1":4,"2":12,"3":2,"4":10},"f":{"0":12},"b":{"0":[10],"1":[2,10]},"_coverageSchema":"332fd63041d2c1bcb487cc26dd0d5f7d97098a6c","hash":"87ac5584cde972d7f3409758d428e545fcbc3f9a"}
,"C:\\Users\\danie\\Documents\\React\\test-react-jest\\src\\redux\\reducers\\index.js": {"path":"C:\\Users\\danie\\Documents\\React\\test-react-jest\\src\\redux\\reducers\\index.js","statementMap":{},"fnMap":{},"branchMap":{},"s":{},"f":{},"b":{},"_coverageSchema":"332fd63041d2c1bcb487cc26dd0d5f7d97098a6c","hash":"5b434f23b1d236f177e607e2f093c5573bb28367"}
,"C:\\Users\\danie\\Documents\\React\\test-react-jest\\src\\redux\\reducers\\listReducer.js": {"path":"C:\\Users\\danie\\Documents\\React\\test-react-jest\\src\\redux\\reducers\\listReducer.js","statementMap":{"0":{"start":{"line":1,"column":25},"end":{"line":3,"column":1}},"1":{"start":{"line":5,"column":18},"end":{"line":20,"column":1}},"2":{"start":{"line":6,"column":1},"end":{"line":19,"column":2}},"3":{"start":{"line":8,"column":3},"end":{"line":11,"column":5}},"4":{"start":{"line":13,"column":3},"end":{"line":16,"column":5}},"5":{"start":{"line":18,"column":3},"end":{"line":18,"column":16}}},"fnMap":{"0":{"name":"(anonymous_0)","decl":{"start":{"line":5,"column":18},"end":{"line":5,"column":19}},"loc":{"start":{"line":5,"column":56},"end":{"line":20,"column":1}},"line":5}},"branchMap":{"0":{"loc":{"start":{"line":5,"column":19},"end":{"line":5,"column":43}},"type":"default-arg","locations":[{"start":{"line":5,"column":27},"end":{"line":5,"column":43}}],"line":5},"1":{"loc":{"start":{"line":6,"column":1},"end":{"line":19,"column":2}},"type":"switch","locations":[{"start":{"line":7,"column":2},"end":{"line":11,"column":5}},{"start":{"line":12,"column":2},"end":{"line":16,"column":5}},{"start":{"line":17,"column":2},"end":{"line":18,"column":16}}],"line":6}},"s":{"0":4,"1":4,"2":13,"3":1,"4":1,"5":11},"f":{"0":13},"b":{"0":[10],"1":[1,1,11]},"_coverageSchema":"332fd63041d2c1bcb487cc26dd0d5f7d97098a6c","hash":"6a6d567156b95ff129e4a94e1e4ad3b99920cfbd"}
}
